  main.cpp
C:\Users\oscar\Desktop\CS500_2022\1\include\SceneParser.h(30,30): warning C4267: 'initializing': conversion from 'size_t' to 'int', possible loss of data
C:\Users\oscar\Desktop\CS500_2022\1\src\main.cpp(107,36): warning C4018: '<': signed/unsigned mismatch
C:\Users\oscar\Desktop\CS500_2022\1\src\main.cpp(110,40): warning C4018: '<': signed/unsigned mismatch
C:\Users\oscar\Desktop\CS500_2022\1\src\main.cpp(123,105): warning C4244: 'argument': conversion from 'T' to 'unsigned char', possible loss of data
          with
          [
              T=float
          ]
C:\Users\oscar\Desktop\CS500_2022\1\src\main.cpp(123,85): warning C4244: 'argument': conversion from 'T' to 'unsigned char', possible loss of data
          with
          [
              T=float
          ]
C:\Users\oscar\Desktop\CS500_2022\1\src\main.cpp(123,65): warning C4244: 'argument': conversion from 'T' to 'unsigned char', possible loss of data
          with
          [
              T=float
          ]
  cs500_template.vcxproj -> C:\Users\oscar\Desktop\CS500_2022\1\bin\Debug\cs500_template.exe
